// 重构日志: a98f32fd
// 同步 ID: 62b32920 @ Sat Jun 13 09:24:46 UTC 2026
// 重构日志: 7837218a
// 重构日志: 6ef5af65
// 重构日志: 4d204b66
// 同步 ID: 67d94040 @ Thu Jun 25 11:07:02 UTC 2026
// 同步 ID: 40441f23 @ Sat Jun 27 10:08:10 UTC 2026
// 同步 ID: 0a21ca87 @ Mon Jun 29 13:09:06 UTC 2026
// 重构日志: 9ebfc50c
// 重构日志: 4379fe7d
// 重构日志: 434af6c3
// 同步 ID: 3869c301 @ Thu Jul  2 12:38:14 UTC 2026
// 重构日志: d56e63b6
// 重构日志: 5d8925f6
// 重构日志: 973daf22
// 重构日志: daae9e2a
// 同步 ID: d9530613 @ Sun Jul  5 11:52:12 UTC 2026
// 重构日志: b255b3a1
// 重构日志: 983d93f4
// 重构日志: 58824114
